[log: 2021-05-16-01-59-03] 処理開始
[log: 2021-05-16-01-59-03] 検索キーワード：プログラマー
[log: 2021-05-16-01-59-25] 0件目成功 : 株式会社ティーネットジャパン | ★40期以上黒字の安定性/大手ベンダー・エンドユーザ企業直取引
[log: 2021-05-16-01-59-25] 1件目成功 : 株式会社ベアフォスターホールディングス | ★残業月平均10H ★年間休日130日 ★土日祝休み ★賞与年2回
[log: 2021-05-16-01-59-25] 2件目成功 : 株式会社エー・エス・エル | 《東証一部上場企業グループ》コロナ禍でも過去最高益レベル！
[log: 2021-05-16-01-59-26] 3件目成功 : 株式会社ユークス | 【東証JASDAQ上場】★PS4・Switch・Xboxなど★ARコンテンツも
[log: 2021-05-16-01-59-26] 4件目成功 : アベールソリューションズ株式会社 | ◆在宅勤務アリ◆内定まで全工程「非対面」で完結できます！
[log: 2021-05-16-01-59-26] 5件目成功 : 株式会社夢テクノロジー | 【大阪府緊急雇用対策に賛同】年休120日以上！残業少なめ
[log: 2021-05-16-01-59-26] 6件目成功 : 株式会社日本技研プロフェッショナルアーキテクト | 3年間は毎年昇給33,000円！4年経過で月給40万も可能！
[log: 2021-05-16-01-59-26] 7件目成功 : 株式会社テクノプロ | テクノプロ・エンジニアリング社 ―◇業界売上NO.1グループ企業
[log: 2021-05-16-01-59-26] 8件目成功 : 株式会社クレディセゾン | 【東証一部上場】テレワーク有/フルフレックス勤務/賞与年7ヶ月
[log: 2021-05-16-01-59-26] 9件目成功 : 株式会社KSEシステムクリエイト | 年休128日*土日祝休み*残業少*WEB面接＆テレワークも実施中！
[log: 2021-05-16-01-59-27] 10件目成功 : 株式会社コンフィデンス | 【ゲーム案件＆取引先150社以上】経験者の92.6％が収入UPを実現
[log: 2021-05-16-01-59-27] 11件目成功 : ケーイングジャパン株式会社 | ◎資格取得支援制度など、将来を見据えた手厚いサポートあり！
[log: 2021-05-16-01-59-27] 12件目成功 : 株式会社Ｒ－ＴＧエージェント | <コロナ禍でも業績好調の成長企業>★経験に見合った待遇でお迎え
[log: 2021-05-16-01-59-27] 13件目成功 : フォーザウィン株式会社 | 未経験からじっくり知識やスキルを身に付け成長★完全週休2日
[log: 2021-05-16-01-59-27] 14件目成功 : 株式会社キャリー・オン | 〈未経験から好きな街の"支店長"を目指せる！〉★賞与年2回
[log: 2021-05-16-01-59-27] 15件目成功 : SGビジネス株式会社 | 【200％売上UPの成長企業】★在宅手当月3,000円★残業月平均10h
[log: 2021-05-16-01-59-28] 16件目成功 : 株式会社大成社 | ★話だけ聞きたいでもOK！お気軽にご応募下さい！★副業もOK
[log: 2021-05-16-01-59-28] 17件目成功 : 株式会社SHIFT | 【東証一部上場】10期連続150％の売上高成長率を継続中！
[log: 2021-05-16-01-59-28] 18件目成功 : グルーコードシステムズ株式会社 | ★コロナでも積極採用 ★プライム9割 ★内定までWeb面接可
[log: 2021-05-16-01-59-28] 19件目成功 : 株式会社ライズイノベーター | *年休134日*土日祝休み*面接1回*開発経験1年以上の方は全員面接
[log: 2021-05-16-01-59-28] 20件目成功 : 株式会社ゼディアルーク | グループ会社を複数擁し、IT事業を展開する成長企業
[log: 2021-05-16-01-59-28] 21件目成功 : 株式会社カーテン・じゅうたん王国 | 設立25年黒字◆窓・床の装飾品で日本トップクラス◆遠方応募歓迎
[log: 2021-05-16-01-59-28] 22件目成功 : 株式会社ケアリッツ・アンド・パートナーズ | <ITと介護事業を手がける成長企業>毎年140%以上の増収★残業少
[log: 2021-05-16-01-59-29] 23件目成功 : 株式会社アルテクス | 残業月20h以下／年休125日以上／完全週休2日／家賃補助5割
[log: 2021-05-16-01-59-29] 24件目成功 : 株式会社ピーエスクリエイティブ | 【創業23年／コロナ禍でも安定して増収増益】★複数名採用
[log: 2021-05-16-01-59-29] 25件目成功 : 株式会社置田鉄工所 | 【マイナビ転職初掲載】岡山限定採用で…大手水準の環境をGET！
[log: 2021-05-16-01-59-29] 26件目成功 : 株式会社オリエント総業 | 完全週休2日制｜各種福利厚生・手当充実｜有給取得率80％以上
[log: 2021-05-16-01-59-29] 27件目成功 : 株式会社カプコン | （CAPCOM CO., LTD.）【東証一部上場】
[log: 2021-05-16-01-59-29] 28件目成功 : マミヤ・コスモシステム株式会社 | 【業界のパイオニア】年休120日以上／育成枠採用です
[log: 2021-05-16-01-59-29] 29件目成功 : 株式会社マイナビワークス | 【マイナビグループ】「マイナビクリエイター」等を運営
[log: 2021-05-16-01-59-30] 30件目成功 : 株式会社アイフリークモバイル | JASDAQ上場企業 年間休日125日／時短勤務・リモートワークも可能
[log: 2021-05-16-01-59-30] 31件目成功 : ケイレックス・テクノロジー株式会社 | ◆モノづくりを最新技術で効率化　◆長期のキャリア形成を描ける
[log: 2021-05-16-01-59-30] 32件目成功 : ネット株式会社 | 大阪府緊急雇用対策に賛同！☆年休120日／テレワーク可／賞与2回
[log: 2021-05-16-01-59-30] 33件目成功 : 株式会社ウエスタンカンパニー | ★男性の育休取得実績あり／完全土日休み／前職給与考慮★
[log: 2021-05-16-01-59-30] 34件目成功 : ネット株式会社 | 大阪府緊急雇用対策に賛同！☆年休120日／テレワーク可／賞与2回
[log: 2021-05-16-01-59-30] 35件目成功 : 株式会社山由製作所 | 新しい価値づくりのパートナーとして、成長を続けています！
[log: 2021-05-16-01-59-31] 36件目成功 : 株式会社エルアイシー | 【地域貢献をビジョンに掲げる総合不動産会社】★テレワーク可
[log: 2021-05-16-01-59-31] 37件目成功 : 株式会社アクティブ・ソリューション | 【設立以来、毎年売上UP！】国交省推奨「i-Construction」を推進
[log: 2021-05-16-01-59-31] 38件目成功 : ACJ株式会社 | ★完全土日祝休み ★残業月15~20h ★有給休暇取得100%の社員も
[log: 2021-05-16-01-59-31] 39件目成功 : 株式会社クリエイテラ | 【コロナ禍でも過去最高益のアプリ開発専門会社】原則定時退社！
[log: 2021-05-16-01-59-31] 40件目成功 : 株式会社コナミデジタルエンタテインメント | KONAMI／自社開発ならではの魅力あるゲームコンテンツを世界へ
[log: 2021-05-16-01-59-31] 41件目成功 : 株式会社システムズアプローチ | ★定着率90％★設立以来ずっと社員ファーストを貫いています！
[log: 2021-05-16-01-59-32] 42件目成功 : 株式会社メテオライズ | ★7期連続黒字収支 ★完全週休2日（土日祝）・育休実績あり
[log: 2021-05-16-01-59-32] 43件目成功 : 株式会社カプコン | （CAPCOM CO., LTD.）【東証一部上場】
[log: 2021-05-16-01-59-32] 44件目成功 : 株式会社コーエーテクモゲームス | 東証一部上場★コーエーテクモグループ
[log: 2021-05-16-01-59-32] 45件目成功 : 株式会社コーエーテクモゲームス | 東証一部上場★コーエーテクモグループ
[log: 2021-05-16-01-59-33] 46件目成功 : 株式会社アルファクス・フード・システム | 【JASDAQ上場＆業界シェアNO.1】※大阪府緊急雇用対策に賛同
[log: 2021-05-16-01-59-33] 47件目成功 : ジーエムラボ株式会社 | 【自社ソフトが全国で実績多数！】地球・人類の未来を考える企業
[log: 2021-05-16-01-59-33] 48件目成功 : 株式会社OMY | インフルエンサービジネスを活用した広告代理店★正社員登用あり
[log: 2021-05-16-01-59-33] 49件目成功 : 株式会社エクストリーム | ゲーム会社などエンターテイメント系企業多数！
[log: 2021-05-16-01-59-37] 50件目成功 : 株式会社ブレイン・ゲート | 転勤なし／年間休日125日／原則定時退社／福利厚生が充実
[log: 2021-05-16-01-59-37] 51件目成功 : 株式会社エクストリーム | ゲーム会社などエンターテイメント系企業多数！
[log: 2021-05-16-01-59-38] 52件目成功 : 株式会社 アート・ワーク | 《教育業界に特化》 情報処理システムの設計・開発・構築・運用
[log: 2021-05-16-01-59-38] 53件目成功 : 株式会社日本ブレーン | 「5/29(土) マイナビ転職EXPO東京@新宿エルタワー」に出展！
[log: 2021-05-16-01-59-38] 54件目成功 : エイチ・エス債権回収株式会社 | <澤田ホールディングス(JASDAQ上場)グループ>★年休120日~
[log: 2021-05-16-01-59-38] 55件目成功 : 大栄工業株式会社 | ◎転勤なし ◎資格取得支援制度あり ◎賞与年2回 ◎長期休暇あり
[log: 2021-05-16-01-59-38] 56件目成功 : システック株式会社 | 【大阪府緊急雇用対策に賛同】年休124日／「江坂駅」から徒歩1分
[log: 2021-05-16-01-59-39] 57件目成功 : アイスマン株式会社 | 世界に通用する製氷機メーカーのパイオニア｜年間休日120日以上
[log: 2021-05-16-01-59-39] 58件目成功 : 株式会社マジオネット熱海 | 未経験×中途入社90％＊勤務時間に勉強できて資格が取れる!?
[log: 2021-05-16-01-59-39] 59件目成功 : ネットライフシステム株式会社 | 【2021年6月26日(土)マイナビ転職フェア 熊本に出展！】
[log: 2021-05-16-01-59-39] 60件目成功 : 株式会社大沢電装 | 月給23万1000円～/賞与年2回などの安心できる環境で活躍！
[log: 2021-05-16-01-59-40] 61件目成功 : 株式会社ソフト・ドゥ | 【移住支援金対象求人】転勤なし！地元に根付いて安心して働ける
[log: 2021-05-16-01-59-40] 62件目成功 : 株式会社アクティブフュージョンズ | ◆移転間もない大阪オフィスの核メンバー募集：採用予定3名◆
[log: 2021-05-16-01-59-40] 63件目成功 : KYODOU株式会社 | クラウド型勤怠管理システム【ShiftMAX】で急成長！
[log: 2021-05-16-01-59-40] 64件目成功 : 株式会社アマダ | 【東証一部上場】創業75年。100年企業に向けて革新を進める！
[log: 2021-05-16-01-59-40] 65件目成功 : 株式会社コンタクト | 社員の成長にとことん本気！大阪府緊急雇用対策に賛同
[log: 2021-05-16-01-59-40] 66件目成功 : 株式会社デジデリック | ＜★平均年齢28歳★/ゆくゆくは正社員としての道も選べます！＞
[log: 2021-05-16-01-59-41] 67件目成功 : 株式会社ハーツクリエイション | 【クライアントは、NHK関連や官公庁、大手企業等】★Web面接
[log: 2021-05-16-01-59-41] 68件目成功 : 株式会社フェニシス | バンダイナムコグループなど、大手エンタメ系企業と直接取引あり
[log: 2021-05-16-01-59-41] 69件目成功 : 株式会社アレグロマジック | 【安定基盤のソウテングループ】※大阪府緊急雇用対策に賛同
[log: 2021-05-16-01-59-41] 70件目成功 : 有限会社グリーンフラグ | 10時出社／ゲーム案件・リモート案件あり／自社商品も開発予定
[log: 2021-05-16-01-59-41] 71件目成功 : 株式会社エフィックラボ | 未経験でも月給24万円以上／自社パッケージソフト「Simpflex」
[log: 2021-05-16-01-59-41] 72件目成功 : 株式会社クラウディオプログレス | 完全週休2日制・土日祝休み・年休120日以上・フレックスタイム制
[log: 2021-05-16-01-59-42] 73件目成功 : 株式会社カイエンシステム開発 | 創業30年/顧客管理・営業支援システムで業績好調/年休120日以上
[log: 2021-05-16-01-59-42] 74件目成功 : 株式会社日能研 | リフレッシュ休暇あり！休みも充実♪※大阪府緊急雇用対策に賛同
[log: 2021-05-16-01-59-42] 75件目成功 : 株式会社ジオクラフト | 世界でも活躍！水道インフラなどの地理情報システムを開発
[log: 2021-05-16-01-59-42] 76件目成功 : 株式会社アルジャンスー | 全国26拠点の美容室が新規事業でピラティスト＆トレーナー募集!!
[log: 2021-05-16-01-59-42] 77件目成功 : 株式会社アップロード | 土日休み◆有給取得月1回以上◆毎週金曜はノー残業DAY◆手当充実
[log: 2021-05-16-01-59-42] 78件目成功 : 株式会社アレックス | 大手メーカーとの直取引で成長を続ける安定企業
[log: 2021-05-16-01-59-42] 79件目成功 : 株式会社NAACS | ★お休みも柔軟に対応可！まるでフリーランスのように働ける会社
[log: 2021-05-16-01-59-43] 80件目成功 : 株式会社ビジネステック | 年間休日数123日／土日祝日休み／育児休暇取得・復帰実績あり
[log: 2021-05-16-01-59-43] 81件目成功 : 株式会社アクセル・モード | ＊設立より11期連続で増収増益！事業拡大中の企業です＊
[log: 2021-05-16-01-59-43] 82件目成功 : 朝日航洋株式会社 | ＜トヨタ系列＞テレワーク/時差勤務/時間有給など柔軟な働き方◎
[log: 2021-05-16-01-59-44] 83件目成功 : 株式会社セイコーフレッシュフーズ | セイコーマートでおなじみ【Secoma】の物流・卸会社！
[log: 2021-05-16-01-59-44] 84件目成功 : 株式会社グローバルギア | 東証一部上場『KLab株式会社』のグループ企業！安定感＆将来性◎
[log: 2021-05-16-01-59-44] 85件目成功 : ケービーソフトウェア株式会社 | 【 創業30周年 】フレックス勤務/年間休日120日/WEB面接OK
[log: 2021-05-16-01-59-44] 86件目成功 : 株式会社クラウドシード | 黒字経営を継続中／前年比150%業績アップ／インセンティブあり
[log: 2021-05-16-01-59-44] 87件目成功 : 株式会社青山プランニングアーツ | ★トヨタ販社など大手企業の案件多数 ★土日祝休み ★年休120日~
[log: 2021-05-16-01-59-44] 88件目成功 : 三本珈琲株式会社 | 横浜に根付いて60年以上／業務用コーヒー卸で名を馳せる老舗企業
[log: 2021-05-16-01-59-45] 89件目成功 : 株式会社ワンノブアカインド | ★昇給年4回★週4勤務OK★トリプルディスプレイなど抜群の環境
[log: 2021-05-16-01-59-45] 90件目成功 : 株式会社エーフォース | 7期連続増収増益の独立系広告代理店 ☆残業なし ☆年間休日125日
[log: 2021-05-16-01-59-45] 91件目成功 : 株式会社エスユーエス | 【マザーズ上場】希望エリア就職率97％／有給休暇取得率74％
[log: 2021-05-16-01-59-45] 92件目成功 : 株式会社シフト | 人気タイトルの開発に企画段階から携われる！最新機種の実績多数
[log: 2021-05-16-01-59-46] 93件目成功 : 株式会社System Tomorrow | 受託開発のみ！100％自社内開発⇒なので残業も転勤も無し！
[log: 2021-05-16-01-59-46] 94件目成功 : 株式会社ルーティス | 大手メーカーや大手Sierとの取引中心　★年休120日以上/残業少
[log: 2021-05-16-01-59-46] 95件目成功 : 株式会社アンヴィル | 株式会社Anvil　☆5/29 『マイナビ転職フェア新宿 』にも出展！
[log: 2021-05-16-01-59-46] 96件目成功 : 株式会社インフォディオ | ☆時差出勤や週1回の早帰日(実勤6時間)制度あり！
[log: 2021-05-16-01-59-46] 97件目成功 : 株式会社シイエム・シイ | 【JASDAQ上場】「マニュアル」に特化し、大手企業とも取引！
[log: 2021-05-16-01-59-46] 98件目成功 : 株式会社ブライトスター | 10月に新オフィス移転！年間休日120日以上/残業月10時間以内
[log: 2021-05-16-01-59-47] 99件目成功 : 株式会社イーエムエス新潟 | 5/29（土）朱鷺メッセ マイナビ転職 新潟フェアに出展！
[log: 2021-05-16-01-59-50] 100件目成功 : 株式会社いつみ家 | ◆年間休日105日◆賞与年3回◆1食150円の食堂あり
[log: 2021-05-16-01-59-50] 101件目成功 : 株式会社クロノステクノロジー
[log: 2021-05-16-01-59-50] 102件目成功 : 株式会社トイロジック
[log: 2021-05-16-01-59-51] 103件目成功 : 株式会社トイロジック
[log: 2021-05-16-01-59-51] 104件目成功 : 株式会社ケージェーシーソフトウェア | ＼残業ほぼナシ／賞与実績4ヶ月分・月給25万円以上
[log: 2021-05-16-01-59-51] 105件目成功 : 株式会社CLAPS | 2019年に設立した急成長中企業。すでに幅広い業界の顧客と取引！
[log: 2021-05-16-01-59-51] 106件目成功 : 株式会社アイセック | 健康への不安を、安心に変える。新潟大学発の医療ベンチャー
[log: 2021-05-16-01-59-51] 107件目成功 : 株式会社アイセック | 健康への不安を、安心に変える。新潟大学発の医療ベンチャー
[log: 2021-05-16-01-59-51] 108件目成功 : Ｗｏｒｌｄ　Ｕｔｉｌｉｔｙ株式会社 | ◎年間休日120日◎完全週休2日制◎退職金制度あり◎WEB面接可
[log: 2021-05-16-01-59-52] 109件目成功 : シーレイシステム株式会社 | 自治体や大手企業との直接取引をメインに安定成長中です！
[log: 2021-05-16-01-59-52] 110件目成功 : 京都プロメド株式会社 | 遠隔画像診断サービスが主軸／実務未経験から活躍できる職場
[log: 2021-05-16-01-59-52] 111件目成功 : 学校法人国際総合学園 | 【NSGグループ】日本トップクラスの規模を誇る専門学校グループ
[log: 2021-05-16-01-59-52] 112件目成功 : エボルテック株式会社 | 【5月8日（土）マイナビ転職フェア愛知　出展】
[log: 2021-05-16-01-59-52] 113件目成功 : 株式会社デイシス | 世界的な大手自動車部品メーカー矢崎総業グループ
[log: 2021-05-16-01-59-53] 114件目成功 : 株式会社ジェイテック | ――★ 2021年5月15日　 マイナビ転職セミナー岡山に出展 ★――
[log: 2021-05-16-01-59-53] 115件目成功 : プロンプト・Ｋ株式会社 | 【 2021年5月15日(土) マイナビ転職フェア鹿児島に出展！】
[log: 2021-05-16-01-59-53] 116件目成功 : 株式会社System Tomorrow | 受託開発のみ！100％自社内開発⇒なので残業も転勤も無し！
[log: 2021-05-16-01-59-53] 117件目成功 : インターナショナルシステムズ株式会社 | 前給保証/直近2年離職率0％/創業から13年連続黒字/Skype面接可能
[log: 2021-05-16-01-59-53] 118件目成功 : 株式会社トイロジック
[log: 2021-05-16-01-59-53] 119件目成功 : 株式会社バーズ情報科学研究所 | パソコンOCRソフト開発に成功した日本のリーディングカンパニー
[log: 2021-05-16-01-59-54] 120件目成功 : 株式会社テクノラボ | 年休124日以上・完全週休2日制(土日休み)・有給休暇10日～20日
[log: 2021-05-16-01-59-54] 121件目成功 : 辰巳電子工業株式会社 | 多彩な商品・サービスを提供／抜群の福利厚生と充実の職場環境
[log: 2021-05-16-01-59-54] 122件目成功 : リバーコンティニュー株式会社 | 大阪府緊急雇用対策に賛同／年間休日休暇126日で働きやすさ抜群
[log: 2021-05-16-01-59-54] 123件目成功 : システム・エンジニアリング・ハウス株式会社 | 官公庁はじめ、大手取引先多数！安定成長中のシステム会社
[log: 2021-05-16-01-59-54] 最終ページです。終了します。
[log: 2021-05-16-01-59-54] 処理完了　総件数: 124件 / 成功件数: 124件 / 失敗件数: 0件
